Removed Pin From Net: NetName=GND Pin=C2-1
Removed Pin From Net: NetName=+9V Pin=Q1-3
Removed Pin From Net: NetName=ADC_IN5 Pin=Q2-1
Removed Pin From Net: NetName=GND Pin=Q2-3
Removed Pin From Net: NetName=+9V Pin=R1-2
Removed Pin From Net: NetName=GND Pin=R3-2
Removed Pin From Net: NetName=GND Pin=R4-1
Removed Pin From Net: NetName=ADC_IN5 Pin=R4-2
Removed Member From Class: ClassName=ChildBoard Member=Q1
Removed Member From Class: ClassName=ChildBoard Member=Q2
Removed Member From Class: ClassName=ChildBoard Member=R1
Removed Member From Class: ClassName=ChildBoard Member=R4
Change Component DesignItemId : Designator=C2 Old DesignItemId=CAPC_100n_0603 New DesignItemId=CAPC_10n_0603_50V_10%
Change Component DesignItemId : Designator=R3 Old DesignItemId=RES_10K_0603_5% New DesignItemId=RES_2R2_1210_5%
Change Component DesignItemId : Designator=R2 Old DesignItemId=RES_10K_0603_5% New DesignItemId=RES_10K_0603_1%
Change Component Footprint: Designator=R3 Old Footprint=RESC1608N New Footprint=RESC3225N
Change Component Designator: OldDesignator= NewDesignator=*
Change Component Description : Designator=C2 Old Description=Capacitor SMD Cer 100nF 10% 50V X7R 0603 New Description=Capacitor SMD Cer 100nF 10% 10V X7R 0603
Change Component Description : Designator=R2 Old Description=Resistor SMD chip 10k Ohm 0.1W 5% 0603 New Description=Resistor SMD chip 10k Ohm 0.1W 1% 0603
Added Component: Designator=C17(CAPMP3528X210N)
Added Pin To Net: NetName=+9V Pin=C1-1
Added Pin To Net: NetName=+9V Pin=C2-1
Added Pin To Net: NetName=GND Pin=C2-2
Added Pin To Net: NetName=+9V Pin=C17-1
Added Pin To Net: NetName=GND Pin=C17-2
Added Pin To Net: NetName=GND Pin=R3-1
Added Pin To Net: NetName=+9V Pin=U1-5
Added Pin To Net: NetName=NetR3_2 Pin=R3-2
Added Pin To Net: NetName=NetR3_2 Pin=U1-7
Added Net: Name=NetR3_2
Added Member To Class: ClassName=ChildBoard Member=Component * GreenIsysLogo
Added Member To Class: ClassName=ChildBoard Member=Component C17 dnp
Added Room: Name=ChildBoard
